<?xml version="1.0" encoding="UTF-8"?>
<!-- Generated by org.testng.reporters.JUnitXMLReporter -->
<testsuite hostname="mymac.local" ignored="3" name="Regression1" tests="2" failures="0" timestamp="28 Aug 2018 00:27:26 GMT" time="0.034" errors="0">
  <testcase name="testngTest2" time="0.008" classname="com.android.test.e2e.TestngTest"/>
  <testcase name="testngTest1" time="0.0" classname="com.android.test.e2e.TestngTest"/>
  <testcase name="testngTest3" time="0.0" classname="com.android.test.e2e.TestngTest">
    <ignored/>
  </testcase> <!-- testngTest3 -->
  <testcase name="testngTest4" time="0.0" classname="com.android.test.e2e.TestngTest">
    <ignored/>
  </testcase> <!-- testngTest4 -->
  <testcase name="testngTest5" time="0.0" classname="com.android.test.e2e.TestngTest">
    <ignored/>
  </testcase> <!-- testngTest5 -->
</testsuite> <!-- Regression1 -->
