<?xml version="1.0" encoding="UTF-8"?>
<testng-results skipped="0" failed="0" ignored="3" total="5" passed="2">
  <reporter-output>
  </reporter-output>
  <suite name="Suite1" duration-ms="34" started-at="2018-08-28T00:27:26Z" finished-at="2018-08-28T00:27:26Z">
    <groups>
      <group name="regression">
        <method signature="TestngTest.testngTest2(java.lang.String)[pri:3, instance:com.android.test.e2e.TestngTest@4909b8da]" name="testngTest2" class="com.android.test.e2e.TestngTest"/>
      </group> <!-- regression -->
      <group name="smoke">
        <method signature="TestngTest.testngTest1()[pri:4, instance:com.android.test.e2e.TestngTest@4909b8da]" name="testngTest1" class="com.android.test.e2e.TestngTest"/>
      </group> <!-- smoke -->
    </groups>
    <test name="Regression1" duration-ms="34" started-at="2018-08-28T00:27:26Z" finished-at="2018-08-28T00:27:26Z">
      <class name="com.android.test.e2e.TestngTest">
        <test-method status="PASS" signature="testngTest2(java.lang.String)[pri:3, instance:com.android.test.e2e.TestngTest@4909b8da]" name="testngTest2" duration-ms="8" started-at="2018-08-28T00:27:26Z" finished-at="2018-08-28T00:27:26Z">
          <params>
            <param index="0">
              <value>
                <![CDATA[anand]]>
              </value>
            </param>
          </params>
          <reporter-output>
          </reporter-output>
        </test-method> <!-- testngTest2 -->
        <test-method status="PASS" signature="testngTest1()[pri:4, instance:com.android.test.e2e.TestngTest@4909b8da]" name="testngTest1" duration-ms="0" started-at="2018-08-28T00:27:26Z" depends-on-methods="com.android.test.e2e.TestngTest.testngTest2" finished-at="2018-08-28T00:27:26Z">
          <reporter-output>
          </reporter-output>
        </test-method> <!-- testngTest1 -->
      </class> <!-- com.android.test.e2e.TestngTest -->
    </test> <!-- Regression1 -->
  </suite> <!-- Suite1 -->
</testng-results>
